# JRE version: OpenJDK Runtime Environment (8.0_152-b01) (build 1.8.0_152-release-915-b01)
# Java VM: OpenJDK 64-Bit Server VM (25.152-b01 mixed mode windows-amd64 compressed oops)
Heap:
 PSYoungGen      total 204800K, used 141129K [0x00000000e0000000, 0x00000000ef180000, 0x0000000100000000)
  eden space 196608K, 71% used [0x00000000e0000000,0x00000000e89d2418,0x00000000ec000000)
  from space 8192K, 0% used [0x00000000ec000000,0x00000000ec000000,0x00000000ec800000)
  to   space 13312K, 0% used [0x00000000ee480000,0x00000000ee480000,0x00000000ef180000)
 ParOldGen       total 84992K, used 17233K [0x00000000a0000000, 0x00000000a5300000, 0x00000000e0000000)
  object space 84992K, 20% used [0x00000000a0000000,0x00000000a10d4620,0x00000000a5300000)
 Metaspace       used 45986K, capacity 47100K, committed 47448K, reserved 1089536K
  class space    used 6164K, capacity 6497K, committed 6528K, reserved 1048576K
GC Heap History (10 events):
Event: 3.390 GC heap before
{Heap before GC invocations=3 (full 0):
 PSYoungGen      total 106496K, used 42380K [0x00000000e0000000, 0x00000000e7000000, 0x0000000100000000)
  eden space 98304K, 34% used [0x00000000e0000000,0x00000000e21660e8,0x00000000e6000000)
  from space 8192K, 99% used [0x00000000e6800000,0x00000000e6ffd040,0x00000000e7000000)
  to   space 8192K, 0% used [0x00000000e6000000,0x00000000e6000000,0x00000000e6800000)
 ParOldGen       total 131072K, used 1091K [0x00000000a0000000, 0x00000000a8000000, 0x00000000e0000000)
  object space 131072K, 0% used [0x00000000a0000000,0x00000000a0110e68,0x00000000a8000000)
 Metaspace       used 20582K, capacity 21094K, committed 21248K, reserved 1067008K
  class space    used 2838K, capacity 3010K, committed 3072K, reserved 1048576K
Event: 3.401 GC heap after
Heap after GC invocations=3 (full 0):
 PSYoungGen      total 106496K, used 8183K [0x00000000e0000000, 0x00000000ed000000, 0x0000000100000000)
  eden space 98304K, 0% used [0x00000000e0000000,0x00000000e0000000,0x00000000e6000000)
  from space 8192K, 99% used [0x00000000e6000000,0x00000000e67fdec8,0x00000000e6800000)
  to   space 8192K, 0% used [0x00000000ec800000,0x00000000ec800000,0x00000000ed000000)
 ParOldGen       total 131072K, used 2815K [0x00000000a0000000, 0x00000000a8000000, 0x00000000e0000000)
  object space 131072K, 2% used [0x00000000a0000000,0x00000000a02bfdb8,0x00000000a8000000)
 Metaspace       used 20582K, capacity 21094K, committed 21248K, reserved 1067008K
  class space    used 2838K, capacity 3010K, committed 3072K, reserved 1048576K
}
Event: 3.401 GC heap before
{Heap before GC invocations=4 (full 1):
 PSYoungGen      total 106496K, used 8183K [0x00000000e0000000, 0x00000000ed000000, 0x0000000100000000)
  eden space 98304K, 0% used [0x00000000e0000000,0x00000000e0000000,0x00000000e6000000)
  from space 8192K, 99% used [0x00000000e6000000,0x00000000e67fdec8,0x00000000e6800000)
  to   space 8192K, 0% used [0x00000000ec800000,0x00000000ec800000,0x00000000ed000000)
 ParOldGen       total 131072K, used 2815K [0x00000000a0000000, 0x00000000a8000000, 0x00000000e0000000)
  object space 131072K, 2% used [0x00000000a0000000,0x00000000a02bfdb8,0x00000000a8000000)
 Metaspace       used 20582K, capacity 21094K, committed 21248K, reserved 1067008K
  class space    used 2838K, capacity 3010K, committed 3072K, reserved 1048576K
Event: 3.435 GC heap after
Heap after GC invocations=4 (full 1):
 PSYoungGen      total 106496K, used 0K [0x00000000e0000000, 0x00000000ed000000, 0x0000000100000000)
  eden space 98304K, 0% used [0x00000000e0000000,0x00000000e0000000,0x00000000e6000000)
  from space 8192K, 0% used [0x00000000e6000000,0x00000000e6000000,0x00000000e6800000)
  to   space 8192K, 0% used [0x00000000ec800000,0x00000000ec800000,0x00000000ed000000)
 ParOldGen       total 84992K, used 9604K [0x00000000a0000000, 0x00000000a5300000, 0x00000000e0000000)
  object space 84992K, 11% used [0x00000000a0000000,0x00000000a0961038,0x00000000a5300000)
 Metaspace       used 20582K, capacity 21094K, committed 21248K, reserved 1067008K
  class space    used 2838K, capacity 3010K, committed 3072K, reserved 1048576K
}
Event: 4.640 GC heap before
{Heap before GC invocations=5 (full 1):
 PSYoungGen      total 106496K, used 98304K [0x00000000e0000000, 0x00000000ed000000, 0x0000000100000000)
  eden space 98304K, 100% used [0x00000000e0000000,0x00000000e6000000,0x00000000e6000000)
  from space 8192K, 0% used [0x00000000e6000000,0x00000000e6000000,0x00000000e6800000)
  to   space 8192K, 0% used [0x00000000ec800000,0x00000000ec800000,0x00000000ed000000)
 ParOldGen       total 84992K, used 9604K [0x00000000a0000000, 0x00000000a5300000, 0x00000000e0000000)
  object space 84992K, 11% used [0x00000000a0000000,0x00000000a0961038,0x00000000a5300000)
 Metaspace       used 27746K, capacity 28360K, committed 28672K, reserved 1073152K
  class space    used 3855K, capacity 4035K, committed 4096K, reserved 1048576K
Event: 4.651 GC heap after
Heap after GC invocations=5 (full 1):
 PSYoungGen      total 157184K, used 8172K [0x00000000e0000000, 0x00000000ed000000, 0x0000000100000000)
  eden space 148992K, 0% used [0x00000000e0000000,0x00000000e0000000,0x00000000e9180000)
  from space 8192K, 99% used [0x00000000ec800000,0x00000000ecffb1e8,0x00000000ed000000)
  to   space 8192K, 0% used [0x00000000ec000000,0x00000000ec000000,0x00000000ec800000)
 ParOldGen       total 84992K, used 11537K [0x00000000a0000000, 0x00000000a5300000, 0x00000000e0000000)
  object space 84992K, 13% used [0x00000000a0000000,0x00000000a0b44510,0x00000000a5300000)
 Metaspace       used 27746K, capacity 28360K, committed 28672K, reserved 1073152K
  class space    used 3855K, capacity 4035K, committed 4096K, reserved 1048576K
}
Event: 5.939 GC heap before
{Heap before GC invocations=6 (full 1):
 PSYoungGen      total 157184K, used 105032K [0x00000000e0000000, 0x00000000ed000000, 0x0000000100000000)
  eden space 148992K, 65% used [0x00000000e0000000,0x00000000e5e96e90,0x00000000e9180000)
  from space 8192K, 99% used [0x00000000ec800000,0x00000000ecffb1e8,0x00000000ed000000)
  to   space 8192K, 0% used [0x00000000ec000000,0x00000000ec000000,0x00000000ec800000)
 ParOldGen       total 84992K, used 11537K [0x00000000a0000000, 0x00000000a5300000, 0x00000000e0000000)
  object space 84992K, 13% used [0x00000000a0000000,0x00000000a0b44510,0x00000000a5300000)
 Metaspace       used 34416K, capacity 35252K, committed 35416K, reserved 1079296K
  class space    used 4669K, capacity 4956K, committed 4992K, reserved 1048576K
Event: 5.946 GC heap after
Heap after GC invocations=6 (full 1):
 PSYoungGen      total 204800K, used 8175K [0x00000000e0000000, 0x00000000ef180000, 0x0000000100000000)
  eden space 196608K, 0% used [0x00000000e0000000,0x00000000e0000000,0x00000000ec000000)
  from space 8192K, 99% used [0x00000000ec000000,0x00000000ec7fbee8,0x00000000ec800000)
  to   space 13312K, 0% used [0x00000000ee480000,0x00000000ee480000,0x00000000ef180000)
 ParOldGen       total 84992K, used 14438K [0x00000000a0000000, 0x00000000a5300000, 0x00000000e0000000)
  object space 84992K, 16% used [0x00000000a0000000,0x00000000a0e19b88,0x00000000a5300000)
 Metaspace       used 34416K, capacity 35252K, committed 35416K, reserved 1079296K
  class space    used 4669K, capacity 4956K, committed 4992K, reserved 1048576K
}
Event: 5.946 GC heap before
{Heap before GC invocations=7 (full 2):
 PSYoungGen      total 204800K, used 8175K [0x00000000e0000000, 0x00000000ef180000, 0x0000000100000000)
  eden space 196608K, 0% used [0x00000000e0000000,0x00000000e0000000,0x00000000ec000000)
  from space 8192K, 99% used [0x00000000ec000000,0x00000000ec7fbee8,0x00000000ec800000)
  to   space 13312K, 0% used [0x00000000ee480000,0x00000000ee480000,0x00000000ef180000)
 ParOldGen       total 84992K, used 14438K [0x00000000a0000000, 0x00000000a5300000, 0x00000000e0000000)
  object space 84992K, 16% used [0x00000000a0000000,0x00000000a0e19b88,0x00000000a5300000)
 Metaspace       used 34416K, capacity 35252K, committed 35416K, reserved 1079296K
  class space    used 4669K, capacity 4956K, committed 4992K, reserved 1048576K
Event: 6.005 GC heap after
Heap after GC invocations=7 (full 2):
 PSYoungGen      total 204800K, used 0K [0x00000000e0000000, 0x00000000ef180000, 0x0000000100000000)
  eden space 196608K, 0% used [0x00000000e0000000,0x00000000e0000000,0x00000000ec000000)
  from space 8192K, 0% used [0x00000000ec000000,0x00000000ec000000,0x00000000ec800000)
  to   space 13312K, 0% used [0x00000000ee480000,0x00000000ee480000,0x00000000ef180000)
 ParOldGen       total 84992K, used 17233K [0x00000000a0000000, 0x00000000a5300000, 0x00000000e0000000)
  object space 84992K, 20% used [0x00000000a0000000,0x00000000a10d4620,0x00000000a5300000)
 Metaspace       used 34416K, capacity 35252K, committed 35416K, reserved 1079296K
  class space    used 4669K, capacity 4956K, committed 4992K, reserved 1048576K
}

