# JRE version: OpenJDK Runtime Environment (8.0_152-b01) (build 1.8.0_152-release-915-b01)
# Java VM: OpenJDK 64-Bit Server VM (25.152-b01 mixed mode windows-amd64 compressed oops)
Heap:
 PSYoungGen      total 172544K, used 97639K [0x00000000e0000000, 0x00000000ef200000, 0x0000000100000000)
  eden space 140288K, 48% used [0x00000000e0000000,0x00000000e42a8470,0x00000000e8900000)
  from space 32256K, 91% used [0x00000000e8900000,0x00000000ea5b19b0,0x00000000ea880000)
  to   space 35840K, 0% used [0x00000000ecf00000,0x00000000ecf00000,0x00000000ef200000)
 ParOldGen       total 156160K, used 53211K [0x00000000a0000000, 0x00000000a9880000, 0x00000000e0000000)
  object space 156160K, 34% used [0x00000000a0000000,0x00000000a33f6dc0,0x00000000a9880000)
 Metaspace       used 67789K, capacity 70790K, committed 71000K, reserved 1110016K
  class space    used 8847K, capacity 9595K, committed 9600K, reserved 1048576K
GC Heap History (10 events):
Event: 23.588 GC heap before
{Heap before GC invocations=14 (full 3):
 PSYoungGen      total 131584K, used 16357K [0x00000000e0000000, 0x00000000ec000000, 0x0000000100000000)
  eden space 115200K, 0% used [0x00000000e0000000,0x00000000e0000000,0x00000000e7080000)
  from space 16384K, 99% used [0x00000000e7080000,0x00000000e80794d0,0x00000000e8080000)
  to   space 20480K, 0% used [0x00000000eac00000,0x00000000eac00000,0x00000000ec000000)
 ParOldGen       total 98816K, used 27703K [0x00000000a0000000, 0x00000000a6080000, 0x00000000e0000000)
  object space 98816K, 28% used [0x00000000a0000000,0x00000000a1b0dcd8,0x00000000a6080000)
 Metaspace       used 56839K, capacity 58936K, committed 59028K, reserved 1099776K
  class space    used 7705K, capacity 8231K, committed 8320K, reserved 1048576K
Event: 24.574 GC heap after
Heap after GC invocations=14 (full 3):
 PSYoungGen      total 131584K, used 0K [0x00000000e0000000, 0x00000000ec000000, 0x0000000100000000)
  eden space 115200K, 0% used [0x00000000e0000000,0x00000000e0000000,0x00000000e7080000)
  from space 16384K, 0% used [0x00000000e7080000,0x00000000e7080000,0x00000000e8080000)
  to   space 20480K, 0% used [0x00000000eac00000,0x00000000eac00000,0x00000000ec000000)
 ParOldGen       total 156160K, used 37207K [0x00000000a0000000, 0x00000000a9880000, 0x00000000e0000000)
  object space 156160K, 23% used [0x00000000a0000000,0x00000000a2455cb8,0x00000000a9880000)
 Metaspace       used 56816K, capacity 58848K, committed 59028K, reserved 1099776K
  class space    used 7698K, capacity 8223K, committed 8320K, reserved 1048576K
}
Event: 27.016 GC heap before
{Heap before GC invocations=15 (full 3):
 PSYoungGen      total 131584K, used 115200K [0x00000000e0000000, 0x00000000ec000000, 0x0000000100000000)
  eden space 115200K, 100% used [0x00000000e0000000,0x00000000e7080000,0x00000000e7080000)
  from space 16384K, 0% used [0x00000000e7080000,0x00000000e7080000,0x00000000e8080000)
  to   space 20480K, 0% used [0x00000000eac00000,0x00000000eac00000,0x00000000ec000000)
 ParOldGen       total 156160K, used 37210K [0x00000000a0000000, 0x00000000a9880000, 0x00000000e0000000)
  object space 156160K, 23% used [0x00000000a0000000,0x00000000a2456810,0x00000000a9880000)
 Metaspace       used 58419K, capacity 60726K, committed 61016K, reserved 1101824K
  class space    used 7918K, capacity 8516K, committed 8576K, reserved 1048576K
Event: 27.026 GC heap after
Heap after GC invocations=15 (full 3):
 PSYoungGen      total 144384K, used 13045K [0x00000000e0000000, 0x00000000eb900000, 0x0000000100000000)
  eden space 131072K, 0% used [0x00000000e0000000,0x00000000e0000000,0x00000000e8000000)
  from space 13312K, 97% used [0x00000000eac00000,0x00000000eb8bd610,0x00000000eb900000)
  to   space 20480K, 0% used [0x00000000e9100000,0x00000000e9100000,0x00000000ea500000)
 ParOldGen       total 156160K, used 37218K [0x00000000a0000000, 0x00000000a9880000, 0x00000000e0000000)
  object space 156160K, 23% used [0x00000000a0000000,0x00000000a2458810,0x00000000a9880000)
 Metaspace       used 58419K, capacity 60726K, committed 61016K, reserved 1101824K
  class space    used 7918K, capacity 8516K, committed 8576K, reserved 1048576K
}
Event: 33.768 GC heap before
{Heap before GC invocations=16 (full 3):
 PSYoungGen      total 144384K, used 144117K [0x00000000e0000000, 0x00000000eb900000, 0x0000000100000000)
  eden space 131072K, 100% used [0x00000000e0000000,0x00000000e8000000,0x00000000e8000000)
  from space 13312K, 97% used [0x00000000eac00000,0x00000000eb8bd610,0x00000000eb900000)
  to   space 20480K, 0% used [0x00000000e9100000,0x00000000e9100000,0x00000000ea500000)
 ParOldGen       total 156160K, used 37218K [0x00000000a0000000, 0x00000000a9880000, 0x00000000e0000000)
  object space 156160K, 23% used [0x00000000a0000000,0x00000000a2458810,0x00000000a9880000)
 Metaspace       used 63738K, capacity 66684K, committed 66776K, reserved 1107968K
  class space    used 8455K, capacity 9174K, committed 9216K, reserved 1048576K
Event: 33.839 GC heap after
Heap after GC invocations=16 (full 3):
 PSYoungGen      total 168960K, used 20466K [0x00000000e0000000, 0x00000000ebf80000, 0x0000000100000000)
  eden space 148480K, 0% used [0x00000000e0000000,0x00000000e0000000,0x00000000e9100000)
  from space 20480K, 99% used [0x00000000e9100000,0x00000000ea4fc9d8,0x00000000ea500000)
  to   space 23552K, 0% used [0x00000000ea880000,0x00000000ea880000,0x00000000ebf80000)
 ParOldGen       total 156160K, used 38933K [0x00000000a0000000, 0x00000000a9880000, 0x00000000e0000000)
  object space 156160K, 24% used [0x00000000a0000000,0x00000000a2605498,0x00000000a9880000)
 Metaspace       used 63738K, capacity 66684K, committed 66776K, reserved 1107968K
  class space    used 8455K, capacity 9174K, committed 9216K, reserved 1048576K
}
Event: 38.427 GC heap before
{Heap before GC invocations=17 (full 3):
 PSYoungGen      total 168960K, used 168946K [0x00000000e0000000, 0x00000000ebf80000, 0x0000000100000000)
  eden space 148480K, 100% used [0x00000000e0000000,0x00000000e9100000,0x00000000e9100000)
  from space 20480K, 99% used [0x00000000e9100000,0x00000000ea4fc9d8,0x00000000ea500000)
  to   space 23552K, 0% used [0x00000000ea880000,0x00000000ea880000,0x00000000ebf80000)
 ParOldGen       total 156160K, used 38933K [0x00000000a0000000, 0x00000000a9880000, 0x00000000e0000000)
  object space 156160K, 24% used [0x00000000a0000000,0x00000000a2605498,0x00000000a9880000)
 Metaspace       used 65968K, capacity 68928K, committed 69080K, reserved 1110016K
  class space    used 8674K, capacity 9428K, committed 9472K, reserved 1048576K
Event: 38.464 GC heap after
Heap after GC invocations=17 (full 3):
 PSYoungGen      total 163840K, used 23539K [0x00000000e0000000, 0x00000000ee280000, 0x0000000100000000)
  eden space 140288K, 0% used [0x00000000e0000000,0x00000000e0000000,0x00000000e8900000)
  from space 23552K, 99% used [0x00000000ea880000,0x00000000ebf7ce00,0x00000000ebf80000)
  to   space 32256K, 0% used [0x00000000e8900000,0x00000000e8900000,0x00000000ea880000)
 ParOldGen       total 156160K, used 53203K [0x00000000a0000000, 0x00000000a9880000, 0x00000000e0000000)
  object space 156160K, 34% used [0x00000000a0000000,0x00000000a33f4dc0,0x00000000a9880000)
 Metaspace       used 65968K, capacity 68928K, committed 69080K, reserved 1110016K
  class space    used 8674K, capacity 9428K, committed 9472K, reserved 1048576K
}
Event: 38.778 GC heap before
{Heap before GC invocations=18 (full 3):
 PSYoungGen      total 163840K, used 163827K [0x00000000e0000000, 0x00000000ee280000, 0x0000000100000000)
  eden space 140288K, 100% used [0x00000000e0000000,0x00000000e8900000,0x00000000e8900000)
  from space 23552K, 99% used [0x00000000ea880000,0x00000000ebf7ce00,0x00000000ebf80000)
  to   space 32256K, 0% used [0x00000000e8900000,0x00000000e8900000,0x00000000ea880000)
 ParOldGen       total 156160K, used 53203K [0x00000000a0000000, 0x00000000a9880000, 0x00000000e0000000)
  object space 156160K, 34% used [0x00000000a0000000,0x00000000a33f4dc0,0x00000000a9880000)
 Metaspace       used 67360K, capacity 70318K, committed 70488K, reserved 1110016K
  class space    used 8827K, capacity 9591K, committed 9600K, reserved 1048576K
Event: 38.806 GC heap after
Heap after GC invocations=18 (full 3):
 PSYoungGen      total 172544K, used 29382K [0x00000000e0000000, 0x00000000ef200000, 0x0000000100000000)
  eden space 140288K, 0% used [0x00000000e0000000,0x00000000e0000000,0x00000000e8900000)
  from space 32256K, 91% used [0x00000000e8900000,0x00000000ea5b19b0,0x00000000ea880000)
  to   space 35840K, 0% used [0x00000000ecf00000,0x00000000ecf00000,0x00000000ef200000)
 ParOldGen       total 156160K, used 53211K [0x00000000a0000000, 0x00000000a9880000, 0x00000000e0000000)
  object space 156160K, 34% used [0x00000000a0000000,0x00000000a33f6dc0,0x00000000a9880000)
 Metaspace       used 67360K, capacity 70318K, committed 70488K, reserved 1110016K
  class space    used 8827K, capacity 9591K, committed 9600K, reserved 1048576K
}

